<?xml version="1.0" encoding="UTF-8"?>
<coverage generated="1671019314705" clover="3.2.0">
  <project timestamp="1671019314705" name="All files">
    <metrics statements="4" coveredstatements="4" conditionals="6" coveredconditionals="6" methods="2" coveredmethods="2" elements="12" coveredelements="12" complexity="0" loc="4" ncloc="4" packages="2" files="6" classes="6"/>
    <package name="Card">
      <metrics statements="2" coveredstatements="2" conditionals="6" coveredconditionals="6" methods="1" coveredmethods="1"/>
      <file name="Card-style.js" path="C:\KOD\ReactNative\MemoryGame\src\Component\Card\Card-style.js">
        <metrics statements="0" coveredstatements="0" conditionals="0" coveredconditionals="0" methods="0" coveredmethods="0"/>
      </file>
      <file name="Card.js" path="C:\KOD\ReactNative\MemoryGame\src\Component\Card\Card.js">
        <metrics statements="2" coveredstatements="2" conditionals="6" coveredconditionals="6" methods="1" coveredmethods="1"/>
        <line num="6" count="1" type="stmt"/>
        <line num="7" count="5" type="stmt"/>
      </file>
      <file name="index.js" path="C:\KOD\ReactNative\MemoryGame\src\Component\Card\index.js">
        <metrics statements="0" coveredstatements="0" conditionals="0" coveredconditionals="0" methods="0" coveredmethods="0"/>
      </file>
    </package>
    <package name="Score">
      <metrics statements="2" coveredstatements="2" conditionals="0" coveredconditionals="0" methods="1" coveredmethods="1"/>
      <file name="Score-style.js" path="C:\KOD\ReactNative\MemoryGame\src\Component\Score\Score-style.js">
        <metrics statements="0" coveredstatements="0" conditionals="0" coveredconditionals="0" methods="0" coveredmethods="0"/>
      </file>
      <file name="Score.js" path="C:\KOD\ReactNative\MemoryGame\src\Component\Score\Score.js">
        <metrics statements="2" coveredstatements="2" conditionals="0" coveredconditionals="0" methods="1" coveredmethods="1"/>
        <line num="6" count="1" type="stmt"/>
        <line num="7" count="5" type="stmt"/>
      </file>
      <file name="index.js" path="C:\KOD\ReactNative\MemoryGame\src\Component\Score\index.js">
        <metrics statements="0" coveredstatements="0" conditionals="0" coveredconditionals="0" methods="0" coveredmethods="0"/>
      </file>
    </package>
  </project>
</coverage>
