{"C:\\KOD\\ReactNative\\MemoryGame\\src\\Component\\Card\\Card-style.js": {"path":"C:\\KOD\\ReactNative\\MemoryGame\\src\\Component\\Card\\Card-style.js","statementMap":{},"fnMap":{},"branchMap":{},"s":{},"f":{},"b":{},"_coverageSchema":"1a1c01bbd47fc00a2c39e90264f33305004495a9","hash":"f618d4e06578776630a4e5efabe25d036df8a382"}
,"C:\\KOD\\ReactNative\\MemoryGame\\src\\Component\\Card\\Card.js": {"path":"C:\\KOD\\ReactNative\\MemoryGame\\src\\Component\\Card\\Card.js","statementMap":{"0":{"start":{"line":6,"column":13},"end":{"line":25,"column":1}},"1":{"start":{"line":7,"column":4},"end":{"line":24,"column":5}}},"fnMap":{"0":{"name":"(anonymous_0)","decl":{"start":{"line":6,"column":13},"end":{"line":6,"column":14}},"loc":{"start":{"line":6,"column":54},"end":{"line":25,"column":1}},"line":6}},"branchMap":{"0":{"loc":{"start":{"line":9,"column":21},"end":{"line":9,"column":50}},"type":"cond-expr","locations":[{"start":{"line":9,"column":36},"end":{"line":9,"column":40}},{"start":{"line":9,"column":43},"end":{"line":9,"column":50}}],"line":9},"1":{"loc":{"start":{"line":10,"column":19},"end":{"line":10,"column":65}},"type":"cond-expr","locations":[{"start":{"line":10,"column":34},"end":{"line":10,"column":47}},{"start":{"line":10,"column":50},"end":{"line":10,"column":65}}],"line":10},"2":{"loc":{"start":{"line":13,"column":13},"end":{"line":22,"column":13}},"type":"cond-expr","locations":[{"start":{"line":14,"column":16},"end":{"line":19,"column":23}},{"start":{"line":21,"column":16},"end":{"line":21,"column":50}}],"line":13}},"s":{"0":1,"1":5},"f":{"0":5},"b":{"0":[2,3],"1":[2,3],"2":[2,3]},"_coverageSchema":"1a1c01bbd47fc00a2c39e90264f33305004495a9","hash":"8ca72069e4fd9b5af5c25b98f0c074bf9393a521"}
,"C:\\KOD\\ReactNative\\MemoryGame\\src\\Component\\Card\\index.js": {"path":"C:\\KOD\\ReactNative\\MemoryGame\\src\\Component\\Card\\index.js","statementMap":{},"fnMap":{},"branchMap":{},"s":{},"f":{},"b":{},"_coverageSchema":"1a1c01bbd47fc00a2c39e90264f33305004495a9","hash":"f213972f969d189467ea180cc9ed914239456fbf"}
,"C:\\KOD\\ReactNative\\MemoryGame\\src\\Component\\Score\\Score-style.js": {"path":"C:\\KOD\\ReactNative\\MemoryGame\\src\\Component\\Score\\Score-style.js","statementMap":{},"fnMap":{},"branchMap":{},"s":{},"f":{},"b":{},"_coverageSchema":"1a1c01bbd47fc00a2c39e90264f33305004495a9","hash":"c9b264fb3476f9db7cc659a7c1cc14fd6fa820af"}
,"C:\\KOD\\ReactNative\\MemoryGame\\src\\Component\\Score\\Score.js": {"path":"C:\\KOD\\ReactNative\\MemoryGame\\src\\Component\\Score\\Score.js","statementMap":{"0":{"start":{"line":6,"column":14},"end":{"line":14,"column":1}},"1":{"start":{"line":7,"column":4},"end":{"line":13,"column":5}}},"fnMap":{"0":{"name":"(anonymous_0)","decl":{"start":{"line":6,"column":14},"end":{"line":6,"column":15}},"loc":{"start":{"line":6,"column":28},"end":{"line":14,"column":1}},"line":6}},"branchMap":{},"s":{"0":1,"1":5},"f":{"0":5},"b":{},"_coverageSchema":"1a1c01bbd47fc00a2c39e90264f33305004495a9","hash":"f41ad587bfae91c208f5b61eb72611c2b6b45e2a"}
,"C:\\KOD\\ReactNative\\MemoryGame\\src\\Component\\Score\\index.js": {"path":"C:\\KOD\\ReactNative\\MemoryGame\\src\\Component\\Score\\index.js","statementMap":{},"fnMap":{},"branchMap":{},"s":{},"f":{},"b":{},"_coverageSchema":"1a1c01bbd47fc00a2c39e90264f33305004495a9","hash":"9c9f0951f31d1844d8a3d3a6432ecfabb66d37f0"}
,"C:\\KOD\\ReactNative\\MemoryGame\\src\\Component\\StartButtons\\StartButtons-style.js": {"path":"C:\\KOD\\ReactNative\\MemoryGame\\src\\Component\\StartButtons\\StartButtons-style.js","statementMap":{},"fnMap":{},"branchMap":{},"s":{},"f":{},"b":{},"_coverageSchema":"1a1c01bbd47fc00a2c39e90264f33305004495a9","hash":"d7ac3ff32f3d45a154e8219578e0d27c1bea26c1"}
,"C:\\KOD\\ReactNative\\MemoryGame\\src\\Component\\StartButtons\\StartButtons.js": {"path":"C:\\KOD\\ReactNative\\MemoryGame\\src\\Component\\StartButtons\\StartButtons.js","statementMap":{"0":{"start":{"line":7,"column":21},"end":{"line":38,"column":1}},"1":{"start":{"line":8,"column":4},"end":{"line":37,"column":5}}},"fnMap":{"0":{"name":"(anonymous_0)","decl":{"start":{"line":7,"column":21},"end":{"line":7,"column":22}},"loc":{"start":{"line":7,"column":52},"end":{"line":38,"column":1}},"line":7}},"branchMap":{"0":{"loc":{"start":{"line":25,"column":20},"end":{"line":33,"column":21}},"type":"cond-expr","locations":[{"start":{"line":26,"column":24},"end":{"line":28,"column":31}},{"start":{"line":30,"column":24},"end":{"line":32,"column":31}}],"line":25}},"s":{"0":2,"1":14},"f":{"0":14},"b":{"0":[11,3]},"_coverageSchema":"1a1c01bbd47fc00a2c39e90264f33305004495a9","hash":"23cf1f51796351207eb248bbc3a308a61ba7a426"}
,"C:\\KOD\\ReactNative\\MemoryGame\\src\\Component\\StartButtons\\index.js": {"path":"C:\\KOD\\ReactNative\\MemoryGame\\src\\Component\\StartButtons\\index.js","statementMap":{},"fnMap":{},"branchMap":{},"s":{},"f":{},"b":{},"_coverageSchema":"1a1c01bbd47fc00a2c39e90264f33305004495a9","hash":"1fb09d6cdeedc375d1ec4a94c0baff4958618297"}
,"C:\\KOD\\ReactNative\\MemoryGame\\src\\Component\\StartHeader\\StartHeader-style.js": {"path":"C:\\KOD\\ReactNative\\MemoryGame\\src\\Component\\StartHeader\\StartHeader-style.js","statementMap":{},"fnMap":{},"branchMap":{},"s":{},"f":{},"b":{},"_coverageSchema":"1a1c01bbd47fc00a2c39e90264f33305004495a9","hash":"0e23a3e559b5f117b09fe0e10ee87def3a5207f8"}
,"C:\\KOD\\ReactNative\\MemoryGame\\src\\Component\\StartHeader\\StartHeader.js": {"path":"C:\\KOD\\ReactNative\\MemoryGame\\src\\Component\\StartHeader\\StartHeader.js","statementMap":{"0":{"start":{"line":8,"column":20},"end":{"line":32,"column":1}},"1":{"start":{"line":9,"column":4},"end":{"line":31,"column":5}}},"fnMap":{"0":{"name":"(anonymous_0)","decl":{"start":{"line":8,"column":20},"end":{"line":8,"column":21}},"loc":{"start":{"line":8,"column":26},"end":{"line":32,"column":1}},"line":8}},"branchMap":{},"s":{"0":2,"1":7},"f":{"0":7},"b":{},"_coverageSchema":"1a1c01bbd47fc00a2c39e90264f33305004495a9","hash":"81f7e625650f415571212f01db43069c4d3517f3"}
,"C:\\KOD\\ReactNative\\MemoryGame\\src\\Component\\StartHeader\\index.js": {"path":"C:\\KOD\\ReactNative\\MemoryGame\\src\\Component\\StartHeader\\index.js","statementMap":{},"fnMap":{},"branchMap":{},"s":{},"f":{},"b":{},"_coverageSchema":"1a1c01bbd47fc00a2c39e90264f33305004495a9","hash":"e2dc09dcc19f25b2a41bf1b668bc491e3c593789"}
,"C:\\KOD\\ReactNative\\MemoryGame\\src\\Component\\StartScoreButton\\StartScoreButton-style.js": {"path":"C:\\KOD\\ReactNative\\MemoryGame\\src\\Component\\StartScoreButton\\StartScoreButton-style.js","statementMap":{},"fnMap":{},"branchMap":{},"s":{},"f":{},"b":{},"_coverageSchema":"1a1c01bbd47fc00a2c39e90264f33305004495a9","hash":"d1543188faa57f7cf54fa8d0ab2d9e1181d0ae98"}
,"C:\\KOD\\ReactNative\\MemoryGame\\src\\Component\\StartScoreButton\\StartScoreButton.js": {"path":"C:\\KOD\\ReactNative\\MemoryGame\\src\\Component\\StartScoreButton\\StartScoreButton.js","statementMap":{"0":{"start":{"line":8,"column":25},"end":{"line":33,"column":1}},"1":{"start":{"line":9,"column":4},"end":{"line":32,"column":5}}},"fnMap":{"0":{"name":"(anonymous_0)","decl":{"start":{"line":8,"column":25},"end":{"line":8,"column":26}},"loc":{"start":{"line":8,"column":42},"end":{"line":33,"column":1}},"line":8}},"branchMap":{},"s":{"0":2,"1":7},"f":{"0":7},"b":{},"_coverageSchema":"1a1c01bbd47fc00a2c39e90264f33305004495a9","hash":"8786b49f558d84687d1475f41098891dea83b860"}
,"C:\\KOD\\ReactNative\\MemoryGame\\src\\Component\\StartScoreButton\\index.js": {"path":"C:\\KOD\\ReactNative\\MemoryGame\\src\\Component\\StartScoreButton\\index.js","statementMap":{},"fnMap":{},"branchMap":{},"s":{},"f":{},"b":{},"_coverageSchema":"1a1c01bbd47fc00a2c39e90264f33305004495a9","hash":"8338a5f58f86f823f5f87af3d4a8f86203974ab3"}
,"C:\\KOD\\ReactNative\\MemoryGame\\src\\Page\\StartPage\\StartPage-style.js": {"path":"C:\\KOD\\ReactNative\\MemoryGame\\src\\Page\\StartPage\\StartPage-style.js","statementMap":{},"fnMap":{},"branchMap":{},"s":{},"f":{},"b":{},"_coverageSchema":"1a1c01bbd47fc00a2c39e90264f33305004495a9","hash":"04b7475344359adbf3aa57a03890c5eb405c6a5a"}
,"C:\\KOD\\ReactNative\\MemoryGame\\src\\Page\\StartPage\\StartPage.js": {"path":"C:\\KOD\\ReactNative\\MemoryGame\\src\\Page\\StartPage\\StartPage.js","statementMap":{"0":{"start":{"line":10,"column":14},"end":{"line":23,"column":1}},"1":{"start":{"line":25,"column":18},"end":{"line":49,"column":1}},"2":{"start":{"line":26,"column":23},"end":{"line":28,"column":5}},"3":{"start":{"line":27,"column":8},"end":{"line":27,"column":56}},"4":{"start":{"line":29,"column":4},"end":{"line":48,"column":5}},"5":{"start":{"line":36,"column":24},"end":{"line":42,"column":26}},"6":{"start":{"line":40,"column":47},"end":{"line":40,"column":81}},"7":{"start":{"line":46,"column":45},"end":{"line":46,"column":77}}},"fnMap":{"0":{"name":"(anonymous_0)","decl":{"start":{"line":25,"column":18},"end":{"line":25,"column":19}},"loc":{"start":{"line":25,"column":38},"end":{"line":49,"column":1}},"line":25},"1":{"name":"(anonymous_1)","decl":{"start":{"line":26,"column":23},"end":{"line":26,"column":24}},"loc":{"start":{"line":26,"column":39},"end":{"line":28,"column":5}},"line":26},"2":{"name":"(anonymous_2)","decl":{"start":{"line":35,"column":30},"end":{"line":35,"column":31}},"loc":{"start":{"line":35,"column":48},"end":{"line":43,"column":21}},"line":35},"3":{"name":"(anonymous_3)","decl":{"start":{"line":40,"column":41},"end":{"line":40,"column":42}},"loc":{"start":{"line":40,"column":47},"end":{"line":40,"column":81}},"line":40},"4":{"name":"(anonymous_4)","decl":{"start":{"line":46,"column":39},"end":{"line":46,"column":40}},"loc":{"start":{"line":46,"column":45},"end":{"line":46,"column":77}},"line":46}},"branchMap":{},"s":{"0":1,"1":1,"2":3,"3":0,"4":3,"5":9,"6":0,"7":0},"f":{"0":3,"1":0,"2":9,"3":0,"4":0},"b":{},"_coverageSchema":"1a1c01bbd47fc00a2c39e90264f33305004495a9","hash":"072130022f58b7923e7d6243e7b09141b1ffe891"}
,"C:\\KOD\\ReactNative\\MemoryGame\\src\\Page\\StartPage\\index.js": {"path":"C:\\KOD\\ReactNative\\MemoryGame\\src\\Page\\StartPage\\index.js","statementMap":{},"fnMap":{},"branchMap":{},"s":{},"f":{},"b":{},"_coverageSchema":"1a1c01bbd47fc00a2c39e90264f33305004495a9","hash":"a420e65bda2d7abc7885de0c56f41784e8ce89e5"}
}
