{"C:\\KOD\\ReactNative\\MemoryGame\\src\\Component\\Card\\Card-style.js": {"path":"C:\\KOD\\ReactNative\\MemoryGame\\src\\Component\\Card\\Card-style.js","statementMap":{},"fnMap":{},"branchMap":{},"s":{},"f":{},"b":{},"_coverageSchema":"1a1c01bbd47fc00a2c39e90264f33305004495a9","hash":"f618d4e06578776630a4e5efabe25d036df8a382"}
,"C:\\KOD\\ReactNative\\MemoryGame\\src\\Component\\Card\\Card.js": {"path":"C:\\KOD\\ReactNative\\MemoryGame\\src\\Component\\Card\\Card.js","statementMap":{"0":{"start":{"line":6,"column":13},"end":{"line":25,"column":1}},"1":{"start":{"line":7,"column":4},"end":{"line":24,"column":5}}},"fnMap":{"0":{"name":"(anonymous_0)","decl":{"start":{"line":6,"column":13},"end":{"line":6,"column":14}},"loc":{"start":{"line":6,"column":54},"end":{"line":25,"column":1}},"line":6}},"branchMap":{"0":{"loc":{"start":{"line":9,"column":21},"end":{"line":9,"column":50}},"type":"cond-expr","locations":[{"start":{"line":9,"column":36},"end":{"line":9,"column":40}},{"start":{"line":9,"column":43},"end":{"line":9,"column":50}}],"line":9},"1":{"loc":{"start":{"line":10,"column":19},"end":{"line":10,"column":65}},"type":"cond-expr","locations":[{"start":{"line":10,"column":34},"end":{"line":10,"column":47}},{"start":{"line":10,"column":50},"end":{"line":10,"column":65}}],"line":10},"2":{"loc":{"start":{"line":13,"column":13},"end":{"line":22,"column":13}},"type":"cond-expr","locations":[{"start":{"line":14,"column":16},"end":{"line":19,"column":23}},{"start":{"line":21,"column":16},"end":{"line":21,"column":50}}],"line":13}},"s":{"0":1,"1":5},"f":{"0":5},"b":{"0":[2,3],"1":[2,3],"2":[2,3]},"_coverageSchema":"1a1c01bbd47fc00a2c39e90264f33305004495a9","hash":"8ca72069e4fd9b5af5c25b98f0c074bf9393a521"}
,"C:\\KOD\\ReactNative\\MemoryGame\\src\\Component\\Card\\index.js": {"path":"C:\\KOD\\ReactNative\\MemoryGame\\src\\Component\\Card\\index.js","statementMap":{},"fnMap":{},"branchMap":{},"s":{},"f":{},"b":{},"_coverageSchema":"1a1c01bbd47fc00a2c39e90264f33305004495a9","hash":"f213972f969d189467ea180cc9ed914239456fbf"}
,"C:\\KOD\\ReactNative\\MemoryGame\\src\\Component\\Score\\Score-style.js": {"path":"C:\\KOD\\ReactNative\\MemoryGame\\src\\Component\\Score\\Score-style.js","statementMap":{},"fnMap":{},"branchMap":{},"s":{},"f":{},"b":{},"_coverageSchema":"1a1c01bbd47fc00a2c39e90264f33305004495a9","hash":"c9b264fb3476f9db7cc659a7c1cc14fd6fa820af"}
,"C:\\KOD\\ReactNative\\MemoryGame\\src\\Component\\Score\\Score.js": {"path":"C:\\KOD\\ReactNative\\MemoryGame\\src\\Component\\Score\\Score.js","statementMap":{"0":{"start":{"line":6,"column":14},"end":{"line":14,"column":1}},"1":{"start":{"line":7,"column":4},"end":{"line":13,"column":5}}},"fnMap":{"0":{"name":"(anonymous_0)","decl":{"start":{"line":6,"column":14},"end":{"line":6,"column":15}},"loc":{"start":{"line":6,"column":28},"end":{"line":14,"column":1}},"line":6}},"branchMap":{},"s":{"0":1,"1":5},"f":{"0":5},"b":{},"_coverageSchema":"1a1c01bbd47fc00a2c39e90264f33305004495a9","hash":"f41ad587bfae91c208f5b61eb72611c2b6b45e2a"}
,"C:\\KOD\\ReactNative\\MemoryGame\\src\\Component\\Score\\index.js": {"path":"C:\\KOD\\ReactNative\\MemoryGame\\src\\Component\\Score\\index.js","statementMap":{},"fnMap":{},"branchMap":{},"s":{},"f":{},"b":{},"_coverageSchema":"1a1c01bbd47fc00a2c39e90264f33305004495a9","hash":"9c9f0951f31d1844d8a3d3a6432ecfabb66d37f0"}
}
