TN:
SF:src\Component\Card\Card-style.js
FNF:0
FNH:0
LF:0
LH:0
BRF:0
BRH:0
end_of_record
TN:
SF:src\Component\Card\Card.js
FN:6,(anonymous_0)
FNF:1
FNH:1
FNDA:5,(anonymous_0)
DA:6,1
DA:7,5
LF:2
LH:2
BRDA:9,0,0,2
BRDA:9,0,1,3
BRDA:10,1,0,2
BRDA:10,1,1,3
BRDA:13,2,0,2
BRDA:13,2,1,3
BRF:6
BRH:6
end_of_record
TN:
SF:src\Component\Card\index.js
FNF:0
FNH:0
LF:0
LH:0
BRF:0
BRH:0
end_of_record
TN:
SF:src\Component\Score\Score-style.js
FNF:0
FNH:0
LF:0
LH:0
BRF:0
BRH:0
end_of_record
TN:
SF:src\Component\Score\Score.js
FN:6,(anonymous_0)
FNF:1
FNH:1
FNDA:5,(anonymous_0)
DA:6,1
DA:7,5
LF:2
LH:2
BRF:0
BRH:0
end_of_record
TN:
SF:src\Component\Score\index.js
FNF:0
FNH:0
LF:0
LH:0
BRF:0
BRH:0
end_of_record
