TN:
SF:src\Component\Card\Card-style.js
FNF:0
FNH:0
LF:0
LH:0
BRF:0
BRH:0
end_of_record
TN:
SF:src\Component\Card\Card.js
FN:6,(anonymous_0)
FNF:1
FNH:1
FNDA:5,(anonymous_0)
DA:6,1
DA:7,5
LF:2
LH:2
BRDA:9,0,0,2
BRDA:9,0,1,3
BRDA:10,1,0,2
BRDA:10,1,1,3
BRDA:13,2,0,2
BRDA:13,2,1,3
BRF:6
BRH:6
end_of_record
TN:
SF:src\Component\Card\index.js
FNF:0
FNH:0
LF:0
LH:0
BRF:0
BRH:0
end_of_record
TN:
SF:src\Component\Score\Score-style.js
FNF:0
FNH:0
LF:0
LH:0
BRF:0
BRH:0
end_of_record
TN:
SF:src\Component\Score\Score.js
FN:6,(anonymous_0)
FNF:1
FNH:1
FNDA:5,(anonymous_0)
DA:6,1
DA:7,5
LF:2
LH:2
BRF:0
BRH:0
end_of_record
TN:
SF:src\Component\Score\index.js
FNF:0
FNH:0
LF:0
LH:0
BRF:0
BRH:0
end_of_record
TN:
SF:src\Component\StartButtons\StartButtons-style.js
FNF:0
FNH:0
LF:0
LH:0
BRF:0
BRH:0
end_of_record
TN:
SF:src\Component\StartButtons\StartButtons.js
FN:7,(anonymous_0)
FNF:1
FNH:1
FNDA:14,(anonymous_0)
DA:7,2
DA:8,14
LF:2
LH:2
BRDA:25,0,0,11
BRDA:25,0,1,3
BRF:2
BRH:2
end_of_record
TN:
SF:src\Component\StartButtons\index.js
FNF:0
FNH:0
LF:0
LH:0
BRF:0
BRH:0
end_of_record
TN:
SF:src\Component\StartHeader\StartHeader-style.js
FNF:0
FNH:0
LF:0
LH:0
BRF:0
BRH:0
end_of_record
TN:
SF:src\Component\StartHeader\StartHeader.js
FN:8,(anonymous_0)
FNF:1
FNH:1
FNDA:7,(anonymous_0)
DA:8,2
DA:9,7
LF:2
LH:2
BRF:0
BRH:0
end_of_record
TN:
SF:src\Component\StartHeader\index.js
FNF:0
FNH:0
LF:0
LH:0
BRF:0
BRH:0
end_of_record
TN:
SF:src\Component\StartScoreButton\StartScoreButton-style.js
FNF:0
FNH:0
LF:0
LH:0
BRF:0
BRH:0
end_of_record
TN:
SF:src\Component\StartScoreButton\StartScoreButton.js
FN:8,(anonymous_0)
FNF:1
FNH:1
FNDA:7,(anonymous_0)
DA:8,2
DA:9,7
LF:2
LH:2
BRF:0
BRH:0
end_of_record
TN:
SF:src\Component\StartScoreButton\index.js
FNF:0
FNH:0
LF:0
LH:0
BRF:0
BRH:0
end_of_record
TN:
SF:src\Page\StartPage\StartPage-style.js
FNF:0
FNH:0
LF:0
LH:0
BRF:0
BRH:0
end_of_record
TN:
SF:src\Page\StartPage\StartPage.js
FN:25,(anonymous_0)
FN:26,(anonymous_1)
FN:35,(anonymous_2)
FN:40,(anonymous_3)
FN:46,(anonymous_4)
FNF:5
FNH:2
FNDA:3,(anonymous_0)
FNDA:0,(anonymous_1)
FNDA:9,(anonymous_2)
FNDA:0,(anonymous_3)
FNDA:0,(anonymous_4)
DA:10,1
DA:25,1
DA:26,3
DA:27,0
DA:29,3
DA:36,9
DA:40,0
DA:46,0
LF:8
LH:5
BRF:0
BRH:0
end_of_record
TN:
SF:src\Page\StartPage\index.js
FNF:0
FNH:0
LF:0
LH:0
BRF:0
BRH:0
end_of_record
